<?xml version="1.0" encoding="UTF-8"?>
<!-- Generated by org.testng.reporters.JUnitReportReporter -->
<testsuite hostname="DESKTOP-GLSGGQ6" failures="0" tests="9" name="tests.SantanderNavigationTest" time="384.587" errors="0" timestamp="2026-09-08T14:01:47 CST" skipped="0">
  <testcase classname="tests.SantanderNavigationTest" name="shouldNavigatePersonasCreditos" time="36.212"/>
  <testcase classname="tests.SantanderNavigationTest" name="shouldNavigatePersonasCanalesDigitales" time="24.686"/>
  <testcase classname="tests.SantanderNavigationTest" name="shouldNavigatePersonasCuentas" time="34.416"/>
  <testcase classname="tests.SantanderNavigationTest" name="shouldNavigatePersonasInversionesYSeguros" time="56.766"/>
  <testcase classname="tests.SantanderNavigationTest" name="shouldNavigatePersonasAyudaYBeneficios" time="84.072"/>
  <testcase classname="tests.SantanderNavigationTest" name="shouldNavigateEmpresasLinks" time="18.409"/>
  <testcase classname="tests.SantanderNavigationTest" name="shouldNavigatePymesLinks" time="66.375"/>
  <testcase classname="tests.SantanderNavigationTest" name="shouldNavigateBancaPrivadaLink" time="16.423"/>
  <testcase classname="tests.SantanderNavigationTest" name="shouldNavigateAcercaDelBancoLinks" time="47.228"/>
</testsuite> <!-- tests.SantanderNavigationTest -->
