<?xml version="1.0" encoding="UTF-8"?>
<!-- Generated by org.testng.reporters.JUnitXMLReporter -->
<testsuite ignored="0" hostname="DESKTOP-GLSGGQ6" failures="0" tests="9" name="Default test" time="384.667" errors="0" timestamp="2026-09-08T14:01:47 CST">
  <testcase classname="tests.SantanderNavigationTest" name="shouldNavigatePersonasCreditos" time="29.29"/>
  <testcase classname="tests.SantanderNavigationTest" name="shouldNavigatePersonasCanalesDigitales" time="16.719"/>
  <testcase classname="tests.SantanderNavigationTest" name="shouldNavigatePersonasCuentas" time="28.082"/>
  <testcase classname="tests.SantanderNavigationTest" name="shouldNavigatePersonasInversionesYSeguros" time="47.874"/>
  <testcase classname="tests.SantanderNavigationTest" name="shouldNavigatePersonasAyudaYBeneficios" time="76.259"/>
  <testcase classname="tests.SantanderNavigationTest" name="shouldNavigateEmpresasLinks" time="10.887"/>
  <testcase classname="tests.SantanderNavigationTest" name="shouldNavigatePymesLinks" time="58.637"/>
  <testcase classname="tests.SantanderNavigationTest" name="shouldNavigateBancaPrivadaLink" time="8.508"/>
  <testcase classname="tests.SantanderNavigationTest" name="shouldNavigateAcercaDelBancoLinks" time="39.533"/>
</testsuite> <!-- Default test -->
